2020-08-12 22:46:15,449 util.Log4JUtil                        INFO  - ****** JMRI log ******* [main]
2020-08-12 22:46:16,015 util.Log4JUtil                        INFO  - This log is appended to file: /home/pi/.jmri/log/messages.log [main]
2020-08-12 22:46:16,020 util.Log4JUtil                        INFO  - This log is appended to file: /home/pi/.jmri/log/session.log [main]
2020-08-12 22:46:16,043 apps.Apps                             INFO  - PanelPro version 4.20+Rc7ba8249b starts under Java 11.0.8 on Linux arm v5.4.51-v7l+ at Wed Aug 12 22:46:16 EDT 2020 [main]
2020-08-12 22:46:16,931 apps.Apps                             INFO  - Starting with profile DCC.3f4cd52a [main]
2020-08-12 22:46:17,219 node.NodeIdentity                     INFO  - Using c6f3cdb0-4677-11e9-8000-b827eb71f7dc as the JMRI storage identity for profile id 3f4cd52a [AWT-EventQueue-0]
2020-08-12 22:46:17,593 xml.AbstractSerialConnectionConfigXml INFO  - Starting to connect for "DCC++" [main]
2020-08-12 22:46:18,138 serial.DCCppAdapter                   INFO  - ttyACM0 port opened at 115200 baud with DTR: true RTS: true DSR: false CTS: true  CD: false [main]
2020-08-12 22:46:43,653 withrottle.FacelessServer             INFO  - Published ZeroConf service for 'jay's railroad._withrottle._tcp.local.' on 192.168.6.1:12090 [WiThrottleServer]
2020-08-12 22:46:43,658 withrottle.FacelessServer             INFO  - Published ZeroConf service for 'jay's railroad._withrottle._tcp.local.' on 192.168.86.38:12090 [WiThrottleServer]
2020-08-12 22:46:43,663 withrottle.FacelessServer             INFO  - Creating new WiThrottle DeviceServer(socket) on port 12090, waiting for incoming connection... [WiThrottleServer]
2020-08-12 22:46:44,516 server.WebServer                      INFO  - Starting Web Server on port 12080 [WebServer]
2020-08-12 22:46:45,728 simpleserver.SimpleServer             INFO  - JMRI SimpleServer started on port 2048 [AWT-EventQueue-0]
2020-08-12 22:46:45,827 util.FileUtilSupport                  INFO  - File path program: is /home/pi/JMRI/ [main]
2020-08-12 22:46:45,829 util.FileUtilSupport                  INFO  - File path preference: is /mnt/server/House/Trains/jmri/My_JMRI_Railroad.jmri/ [main]
2020-08-12 22:46:45,832 util.FileUtilSupport                  INFO  - File path profile: is /home/pi/.jmri/DCC/ [main]
2020-08-12 22:46:45,834 util.FileUtilSupport                  INFO  - File path settings: is /home/pi/.jmri/ [main]
2020-08-12 22:46:45,836 util.FileUtilSupport                  INFO  - File path home: is /home/pi/ [main]
2020-08-12 22:46:45,838 util.FileUtilSupport                  INFO  - File path scripts: is /mnt/server/House/Trains/jmri/My_JMRI_Railroad.jmri/jython/ [main]
2020-08-12 22:46:47,541 PanelPro.PanelPro                     INFO  - Main initialization done [main]
2020-08-12 22:46:48,564 server.WebServer                      INFO  - Starting ZeroConfService _http._tcp.local for Web Server with properties {path=/, json=5.4.0} [WebServer]
