2020-06-15 20:19:08,179 util.Log4JUtil                        INFO  - ****** JMRI log ******* [main]
2020-06-15 20:19:08,274 util.Log4JUtil                        INFO  - This log is appended to file: /home/pi/.jmri/log/messages.log [main]
2020-06-15 20:19:08,277 util.Log4JUtil                        INFO  - This log is stored in file: /home/pi/.jmri/log/session.log [main]
2020-06-15 20:19:08,299 apps.Apps                             INFO  - PanelPro version 4.18+R37ad3d0 starts under Java 1.8.0_251 on Linux arm v4.19.118-v7l+ at Mon Jun 15 20:19:08 PDT 2020 [main]
2020-06-15 20:19:10,630 apps.Apps                             INFO  - Starting with profile My_JMRI_Railroad.3f7e30e3 [main]
2020-06-15 20:19:10,883 node.NodeIdentity                     INFO  - Using dfd95381-a8c6-4591-a34f-cf6816477765 as the JMRI storage identity for profile id 3f7e30e3 [AWT-EventQueue-0]
2020-06-15 20:19:11,304 xml.AbstractSerialConnectionConfigXml INFO  - Starting to connect for "DCC++" [main]
2020-06-15 20:19:11,588 serial.DCCppAdapter                   INFO  - ttyACM0 port opened at 115200 baud with DTR: true RTS: true DSR: false CTS: true  CD: false [main]
2020-06-15 20:19:22,523 simpleserver.SimpleServer             INFO  - JMRI SimpleServer started on port 2048 [AWT-EventQueue-0]
2020-06-15 20:19:22,811 json.JsonServer                       INFO  - Starting JSON Server on port 2056 [AWT-EventQueue-0]
2020-06-15 20:19:22,857 withrottle.FacelessServer             INFO  - Published ZeroConf service for 'jay's layout._withrottle._tcp.local.' on 192.168.86.38:12090 [WiThrottleServer]
2020-06-15 20:19:22,861 withrottle.FacelessServer             INFO  - Published ZeroConf service for 'jay's layout._withrottle._tcp.local.' on fe80:0:0:0:db3b:7db6:b990:2856%eth0:12090 [WiThrottleServer]
2020-06-15 20:19:22,863 withrottle.FacelessServer             INFO  - Creating new WiThrottle DeviceServer(socket) on port 12090, waiting for incoming connection... [WiThrottleServer]
2020-06-15 20:19:23,001 server.WebServer                      INFO  - Starting Web Server on port 12080 [WebServer]
2020-06-15 20:19:23,664 server.WebServer                      INFO  - Starting ZeroConfService _http._tcp.local for Web Server with properties {path=/, json=5.2.0} [WebServer]
2020-06-15 20:19:23,943 util.FileUtilSupport                  INFO  - File path program: is /usr/local/bin/jmri/ [main]
2020-06-15 20:19:23,944 util.FileUtilSupport                  INFO  - File path preference: is /home/pi/.jmri/My_JMRI_Railroad.jmri/ [main]
2020-06-15 20:19:23,945 util.FileUtilSupport                  INFO  - File path profile: is /home/pi/.jmri/My_JMRI_Railroad.jmri/ [main]
2020-06-15 20:19:23,945 util.FileUtilSupport                  INFO  - File path settings: is /home/pi/.jmri/ [main]
2020-06-15 20:19:23,946 util.FileUtilSupport                  INFO  - File path home: is /home/pi/ [main]
2020-06-15 20:19:23,947 util.FileUtilSupport                  INFO  - File path scripts: is /usr/local/bin/jmri/jython/ [main]
2020-06-15 20:19:25,259 PanelPro.PanelPro                     INFO  - Main initialization done [main]
2020-06-15 20:20:13,904 withrottle.FacelessServer             INFO  - Creating new WiThrottle DeviceServer(socket) on port 12090, waiting for incoming connection... [WiThrottleServer]
2020-06-15 20:20:13,908 withrottle.DeviceServer               INFO  - Received Name: Jay's Pixel 4 [DeviceServer-1]
2020-06-15 20:20:13,912 withrottle.DeviceServer               INFO  - Received Name: Jay's Pixel 4 [DeviceServer-1]
2020-06-15 20:20:40,472 jmrit.XmlFile                         INFO  - No /home/pi/.jmri/My_JMRI_Railroad.jmri/roster/Santa_Fe_8790.xml file to backup [AWT-EventQueue-0]
2020-06-15 20:21:01,062 withrottle.DeviceServer               WARN  - readLine from device 'Jay's Pixel 4' failed, consecutive error # 1 [DeviceServer-1]
2020-06-15 20:21:01,264 withrottle.DeviceServer               WARN  - readLine from device 'Jay's Pixel 4' failed, consecutive error # 2 [DeviceServer-1]
2020-06-15 20:21:01,465 withrottle.DeviceServer               WARN  - readLine from device 'Jay's Pixel 4' failed, consecutive error # 3 [DeviceServer-1]
2020-06-15 20:21:01,667 withrottle.DeviceServer               WARN  - readLine from device 'Jay's Pixel 4' failed, consecutive error # 4 [DeviceServer-1]
2020-06-15 20:21:01,869 withrottle.DeviceServer               WARN  - readLine from device 'Jay's Pixel 4' failed, consecutive error # 5 [DeviceServer-1]
2020-06-15 20:21:02,072 withrottle.DeviceServer               WARN  - readLine from device 'Jay's Pixel 4' failed, consecutive error # 6 [DeviceServer-1]
2020-06-15 20:21:02,274 withrottle.DeviceServer               WARN  - readLine from device 'Jay's Pixel 4' failed, consecutive error # 7 [DeviceServer-1]
2020-06-15 20:21:02,475 withrottle.DeviceServer               WARN  - readLine from device 'Jay's Pixel 4' failed, consecutive error # 8 [DeviceServer-1]
2020-06-15 20:21:02,677 withrottle.DeviceServer               WARN  - readLine from device 'Jay's Pixel 4' failed, consecutive error # 9 [DeviceServer-1]
2020-06-15 20:21:02,878 withrottle.DeviceServer               WARN  - readLine from device 'Jay's Pixel 4' failed, consecutive error # 10 [DeviceServer-1]
2020-06-15 20:21:03,080 withrottle.DeviceServer               WARN  - readLine from device 'Jay's Pixel 4' failed, consecutive error # 11 [DeviceServer-1]
2020-06-15 20:21:03,282 withrottle.DeviceServer               WARN  - readLine from device 'Jay's Pixel 4' failed, consecutive error # 12 [DeviceServer-1]
2020-06-15 20:21:03,483 withrottle.DeviceServer               WARN  - readLine from device 'Jay's Pixel 4' failed, consecutive error # 13 [DeviceServer-1]
2020-06-15 20:21:03,685 withrottle.DeviceServer               WARN  - readLine from device 'Jay's Pixel 4' failed, consecutive error # 14 [DeviceServer-1]
2020-06-15 20:21:03,886 withrottle.DeviceServer               WARN  - readLine from device 'Jay's Pixel 4' failed, consecutive error # 15 [DeviceServer-1]
2020-06-15 20:21:04,088 withrottle.DeviceServer               WARN  - readLine from device 'Jay's Pixel 4' failed, consecutive error # 16 [DeviceServer-1]
2020-06-15 20:21:04,289 withrottle.DeviceServer               WARN  - readLine from device 'Jay's Pixel 4' failed, consecutive error # 17 [DeviceServer-1]
2020-06-15 20:21:04,491 withrottle.DeviceServer               WARN  - readLine from device 'Jay's Pixel 4' failed, consecutive error # 18 [DeviceServer-1]
2020-06-15 20:21:04,692 withrottle.DeviceServer               WARN  - readLine from device 'Jay's Pixel 4' failed, consecutive error # 19 [DeviceServer-1]
2020-06-15 20:21:04,894 withrottle.DeviceServer               WARN  - readLine from device 'Jay's Pixel 4' failed, consecutive error # 20 [DeviceServer-1]
2020-06-15 20:21:05,095 withrottle.DeviceServer               WARN  - readLine from device 'Jay's Pixel 4' failed, consecutive error # 21 [DeviceServer-1]
2020-06-15 20:21:05,296 withrottle.DeviceServer               WARN  - readLine from device 'Jay's Pixel 4' failed, consecutive error # 22 [DeviceServer-1]
2020-06-15 20:21:05,497 withrottle.DeviceServer               WARN  - readLine from device 'Jay's Pixel 4' failed, consecutive error # 23 [DeviceServer-1]
2020-06-15 20:21:05,698 withrottle.DeviceServer               WARN  - readLine from device 'Jay's Pixel 4' failed, consecutive error # 24 [DeviceServer-1]
2020-06-15 20:21:05,899 withrottle.DeviceServer               WARN  - readLine from device 'Jay's Pixel 4' failed, consecutive error # 25 [DeviceServer-1]
2020-06-15 20:21:05,900 withrottle.DeviceServer               ERROR - readLine failure limit exceeded, ending thread run loop for device 'Jay's Pixel 4' [DeviceServer-1]
2020-06-15 20:21:11,354 consisttool.ConsistFile               INFO  - Consist file does not exist.  One will be created if necessary. [AWT-EventQueue-0]
2020-06-15 20:22:10,174 withrottle.FacelessServer             INFO  - Creating new WiThrottle DeviceServer(socket) on port 12090, waiting for incoming connection... [WiThrottleServer]
2020-06-15 20:22:10,178 withrottle.DeviceServer               INFO  - Received Name: Jay's Pixel 4 [DeviceServer-2]
2020-06-15 20:22:10,182 withrottle.DeviceServer               INFO  - Received Name: Jay's Pixel 4 [DeviceServer-2]
2020-06-15 20:22:16,196 withrottle.DeviceServer               INFO  - Received Name: Jay's Pixel 4 [DeviceServer-2]
2020-06-15 20:22:22,233 withrottle.DeviceServer               INFO  - Received Name: Jay's Pixel 4 [DeviceServer-2]
2020-06-15 20:22:28,256 withrottle.DeviceServer               INFO  - Received Name: Jay's Pixel 4 [DeviceServer-2]
2020-06-15 20:22:34,267 withrottle.DeviceServer               INFO  - Received Name: Jay's Pixel 4 [DeviceServer-2]
2020-06-15 20:22:40,298 withrottle.DeviceServer               INFO  - Received Name: Jay's Pixel 4 [DeviceServer-2]
2020-06-15 20:22:46,301 withrottle.DeviceServer               INFO  - Received Name: Jay's Pixel 4 [DeviceServer-2]
2020-06-15 20:22:52,355 withrottle.DeviceServer               INFO  - Received Name: Jay's Pixel 4 [DeviceServer-2]
2020-06-15 20:22:58,394 withrottle.DeviceServer               INFO  - Received Name: Jay's Pixel 4 [DeviceServer-2]
2020-06-15 20:23:04,433 withrottle.DeviceServer               INFO  - Received Name: Jay's Pixel 4 [DeviceServer-2]
2020-06-15 20:23:10,473 withrottle.DeviceServer               INFO  - Received Name: Jay's Pixel 4 [DeviceServer-2]
2020-06-15 20:23:16,476 withrottle.DeviceServer               INFO  - Received Name: Jay's Pixel 4 [DeviceServer-2]
2020-06-15 20:23:22,504 withrottle.DeviceServer               INFO  - Received Name: Jay's Pixel 4 [DeviceServer-2]
2020-06-15 20:23:28,515 withrottle.DeviceServer               INFO  - Received Name: Jay's Pixel 4 [DeviceServer-2]
2020-06-15 20:23:34,513 withrottle.DeviceServer               INFO  - Received Name: Jay's Pixel 4 [DeviceServer-2]
2020-06-15 20:23:40,563 withrottle.DeviceServer               INFO  - Received Name: Jay's Pixel 4 [DeviceServer-2]
2020-06-15 20:23:46,583 withrottle.DeviceServer               INFO  - Received Name: Jay's Pixel 4 [DeviceServer-2]
2020-06-15 20:23:52,601 withrottle.DeviceServer               INFO  - Received Name: Jay's Pixel 4 [DeviceServer-2]
2020-06-15 20:23:58,635 withrottle.DeviceServer               INFO  - Received Name: Jay's Pixel 4 [DeviceServer-2]
2020-06-15 20:24:04,649 withrottle.DeviceServer               INFO  - Received Name: Jay's Pixel 4 [DeviceServer-2]
2020-06-15 20:24:10,661 withrottle.DeviceServer               INFO  - Received Name: Jay's Pixel 4 [DeviceServer-2]
2020-06-15 20:24:16,702 withrottle.DeviceServer               INFO  - Received Name: Jay's Pixel 4 [DeviceServer-2]
2020-06-15 20:24:22,740 withrottle.DeviceServer               INFO  - Received Name: Jay's Pixel 4 [DeviceServer-2]
2020-06-15 20:24:28,741 withrottle.DeviceServer               INFO  - Received Name: Jay's Pixel 4 [DeviceServer-2]
2020-06-15 20:24:34,742 withrottle.DeviceServer               INFO  - Received Name: Jay's Pixel 4 [DeviceServer-2]
2020-06-15 20:24:40,794 withrottle.DeviceServer               INFO  - Received Name: Jay's Pixel 4 [DeviceServer-2]
2020-06-15 20:24:46,813 withrottle.DeviceServer               INFO  - Received Name: Jay's Pixel 4 [DeviceServer-2]
2020-06-15 20:24:52,851 withrottle.DeviceServer               INFO  - Received Name: Jay's Pixel 4 [DeviceServer-2]
2020-06-15 20:24:58,856 withrottle.DeviceServer               INFO  - Received Name: Jay's Pixel 4 [DeviceServer-2]
2020-06-15 20:25:04,886 withrottle.DeviceServer               INFO  - Received Name: Jay's Pixel 4 [DeviceServer-2]
2020-06-15 20:25:10,937 withrottle.DeviceServer               INFO  - Received Name: Jay's Pixel 4 [DeviceServer-2]
2020-06-15 20:25:16,944 withrottle.DeviceServer               INFO  - Received Name: Jay's Pixel 4 [DeviceServer-2]
2020-06-15 20:25:22,955 withrottle.DeviceServer               INFO  - Received Name: Jay's Pixel 4 [DeviceServer-2]
2020-06-15 20:25:28,999 withrottle.DeviceServer               INFO  - Received Name: Jay's Pixel 4 [DeviceServer-2]
2020-06-15 20:25:35,050 withrottle.DeviceServer               INFO  - Received Name: Jay's Pixel 4 [DeviceServer-2]
2020-06-15 20:25:41,041 withrottle.DeviceServer               INFO  - Received Name: Jay's Pixel 4 [DeviceServer-2]
2020-06-15 20:25:47,082 withrottle.DeviceServer               INFO  - Received Name: Jay's Pixel 4 [DeviceServer-2]
2020-06-15 20:25:53,123 withrottle.DeviceServer               INFO  - Received Name: Jay's Pixel 4 [DeviceServer-2]
2020-06-15 20:25:59,152 withrottle.DeviceServer               INFO  - Received Name: Jay's Pixel 4 [DeviceServer-2]
2020-06-15 20:26:05,176 withrottle.DeviceServer               INFO  - Received Name: Jay's Pixel 4 [DeviceServer-2]
2020-06-15 20:26:11,190 withrottle.DeviceServer               INFO  - Received Name: Jay's Pixel 4 [DeviceServer-2]
2020-06-15 20:26:17,191 withrottle.DeviceServer               INFO  - Received Name: Jay's Pixel 4 [DeviceServer-2]
2020-06-15 20:28:01,864 withrottle.DeviceServer               INFO  - Received Name: Jay's Pixel 4 [DeviceServer-2]
2020-06-15 20:29:12,478 withrottle.DeviceServer               INFO  - Received Name: Jay's Pixel 4 [DeviceServer-2]
2020-06-15 20:29:51,595 withrottle.DeviceServer               INFO  - Received Name: Jay's Pixel 4 [DeviceServer-2]
2020-06-15 20:29:57,578 withrottle.DeviceServer               INFO  - Received Name: Jay's Pixel 4 [DeviceServer-2]
2020-06-15 20:35:00,296 json.JsonServer                       INFO  - Stopping JSON Server. [AWT-EventQueue-0]
2020-06-15 20:35:04,318 server.WebServer                      INFO  - Stopping Web Server [ServerShutDownTask]
2020-06-15 20:35:05,896 managers.DefaultShutDownManager       INFO  - Normal termination complete [AWT-EventQueue-0]
